<?xml version="1.0" encoding="UTF-8"?>
<!-- Generated by org.testng.reporters.JUnitReportReporter -->
<testsuite hostname="THYAGA-PC" name="com.Ecareautomation.testNg.DemoTest" tests="3" failures="0" timestamp="11 Jul 2015 07:31:00 GMT" time="0.010" errors="0">
  <testcase name="C" time="0.000" classname="com.Ecareautomation.testNg.DemoTest"/>
  <testcase name="A" time="0.010" classname="com.Ecareautomation.testNg.DemoTest"/>
  <testcase name="B" time="0.000" classname="com.Ecareautomation.testNg.DemoTest"/>
</testsuite> <!-- com.Ecareautomation.testNg.DemoTest -->
