<?xml version="1.0" encoding="UTF-8"?>
<!-- Generated by org.testng.reporters.JUnitReportReporter -->
<testsuite hostname="THYAGA-PC" name="com.Ecareautomation.testNg.DemoTest1" tests="4" failures="0" timestamp="11 Jul 2015 07:31:00 GMT" time="0.010" errors="0">
  <testcase name="I" time="0.000" classname="com.Ecareautomation.testNg.DemoTest1"/>
  <testcase name="G" time="0.010" classname="com.Ecareautomation.testNg.DemoTest1"/>
  <testcase name="f" time="0.000" classname="com.Ecareautomation.testNg.DemoTest1"/>
  <testcase name="H" time="0.000" classname="com.Ecareautomation.testNg.DemoTest1"/>
</testsuite> <!-- com.Ecareautomation.testNg.DemoTest1 -->
