<?xml version="1.0" encoding="UTF-8"?>
<!-- Generated by org.testng.reporters.JUnitReportReporter -->
<testsuite hostname="THYAGA-PC" name="com.Ecareautomation.webdriver.NewTest" tests="1" failures="0" timestamp="10 Jul 2015 04:29:29 GMT" time="1.149" errors="0">
  <testcase name="f" time="1.149" classname="com.Ecareautomation.webdriver.NewTest"/>
</testsuite> <!-- com.Ecareautomation.webdriver.NewTest -->
